-------------------------------------------------------------------------------
Test set: test.junittest.ReportTest
-------------------------------------------------------------------------------
Tests run: 2, Failures: 1, Errors: 0, Skipped: 0, Time elapsed: 1.451 s <<< FAILURE! -- in test.junittest.ReportTest
test.junittest.ReportTest.groupByMgarIdSuccess -- Time elapsed: 0.023 s <<< FAILURE!
org.opentest4j.AssertionFailedError: 

expected: 2
 but was: 1
	at test.junittest.ReportTest.groupByMgarIdSuccess(ReportTest.java:41)
	at java.base/java.lang.reflect.Method.invoke(Method.java:568)
	at java.base/java.util.ArrayList.forEach(ArrayList.java:1511)
	at java.base/java.util.ArrayList.forEach(ArrayList.java:1511)

